Information: Updating design information... (UID-85)
 
****************************************
Report : timing
        -path full
        -delay max
        -max_paths 1
Design : Segway
Version: N-2017.09-SP5
Date   : Sun Dec 16 22:49:08 2018
****************************************

Operating Conditions: NCCOM   Library: tcbn40lpbwptc
Wire Load Model Mode: segmented

  Startpoint: iiDUT/ptch_rt_reg[1]
              (rising edge-triggered flip-flop clocked by clk)
  Endpoint: iiDUT/inrt/ptch_int_reg[25]
            (rising edge-triggered flip-flop clocked by clk)
  Path Group: clk
  Path Type: max

  Des/Clust/Port     Wire Load Model       Library
  ------------------------------------------------
  Segway             TSMC32K_Lowk_Conservative
                                           tcbn40lpbwptc

  Point                                                   Incr       Path
  --------------------------------------------------------------------------
  clock clk (rise edge)                                   0.00       0.00
  clock network delay (ideal)                             0.00       0.00
  iiDUT/ptch_rt_reg[1]/CP (DFCNQD4BWP)                    0.00       0.00 r
  iiDUT/ptch_rt_reg[1]/Q (DFCNQD4BWP)                     0.16       0.16 r
  U1593/ZN (INVD1BWP)                                     0.02       0.18 f
  U1991/ZN (CKND2D1BWP)                                   0.03       0.20 r
  U1584/ZN (ND2D1BWP)                                     0.03       0.23 f
  iiDUT/inrt/sub_1_root_sub_0_root_add_36/U2_2/CO (FA1D0BWP)
                                                          0.12       0.36 f
  iiDUT/inrt/sub_1_root_sub_0_root_add_36/U2_3/CO (FA1D1BWP)
                                                          0.07       0.43 f
  iiDUT/inrt/sub_1_root_sub_0_root_add_36/U2_4/CO (FA1D1BWP)
                                                          0.07       0.49 f
  iiDUT/inrt/sub_1_root_sub_0_root_add_36/U2_5/CO (FA1D1BWP)
                                                          0.07       0.56 f
  iiDUT/inrt/sub_1_root_sub_0_root_add_36/U2_6/CO (FA1D1BWP)
                                                          0.07       0.63 f
  iiDUT/inrt/sub_1_root_sub_0_root_add_36/U2_7/CO (FA1D1BWP)
                                                          0.07       0.69 f
  iiDUT/inrt/sub_1_root_sub_0_root_add_36/U2_8/CO (FA1D2BWP)
                                                          0.07       0.77 f
  U3171/ZN (MAOI222D1BWP)                                 0.07       0.84 r
  U1588/ZN (CKND2BWP)                                     0.04       0.87 f
  U3173/ZN (MAOI222D1BWP)                                 0.06       0.94 r
  U1707/ZN (INVD1BWP)                                     0.05       0.99 f
  U3133/ZN (OAI21D4BWP)                                   0.03       1.02 r
  U3132/ZN (OAI21D4BWP)                                   0.04       1.06 f
  U3242/ZN (MAOI222D1BWP)                                 0.06       1.12 r
  U1706/ZN (INVD1BWP)                                     0.04       1.16 f
  U1863/ZN (IOA21D2BWP)                                   0.03       1.19 r
  U3121/ZN (OAI21D4BWP)                                   0.03       1.22 f
  U3251/ZN (MAOI222D1BWP)                                 0.07       1.29 r
  U1702/ZN (INVD1BWP)                                     0.04       1.33 f
  U1878/ZN (IOA21D2BWP)                                   0.02       1.35 r
  U1910/ZN (IOA21D2BWP)                                   0.03       1.38 f
  U3111/ZN (OAI21D4BWP)                                   0.03       1.41 r
  U3110/ZN (OAI21D4BWP)                                   0.04       1.45 f
  U3112/ZN (OAI21D4BWP)                                   0.03       1.48 r
  U1911/ZN (IOA21D2BWP)                                   0.03       1.51 f
  U3099/ZN (OAI21D4BWP)                                   0.03       1.54 r
  U1897/ZN (IOA21D2BWP)                                   0.03       1.57 f
  U1898/ZN (IOA21D2BWP)                                   0.03       1.60 r
  U3107/ZN (OAI21D4BWP)                                   0.03       1.63 f
  U1953/ZN (OAI21D4BWP)                                   0.03       1.66 r
  U1952/ZN (OAI21D4BWP)                                   0.04       1.70 f
  U1667/Z (XOR3D1BWP)                                     0.09       1.79 f
  U1725/ZN (INVD1BWP)                                     0.04       1.83 r
  U1656/ZN (ND4D2BWP)                                     0.07       1.89 f
  U1655/ZN (NR3D2BWP)                                     0.05       1.95 r
  U1709/Z (OR2XD1BWP)                                     0.04       1.99 r
  U1864/ZN (ND3D3BWP)                                     0.04       2.04 f
  U1763/ZN (CKND2BWP)                                     0.03       2.06 r
  U1862/Z (OA221D4BWP)                                    0.08       2.14 r
  U1861/Z (AN2XD1BWP)                                     0.04       2.19 r
  U1909/Z (XOR3D2BWP)                                     0.09       2.28 f
  iiDUT/inrt/ptch_int_reg[25]/D (EDFCND1BWP)              0.00       2.28 f
  data arrival time                                                  2.28

  clock clk (rise edge)                                   2.50       2.50
  clock network delay (ideal)                             0.00       2.50
  clock uncertainty                                      -0.15       2.35
  iiDUT/inrt/ptch_int_reg[25]/CP (EDFCND1BWP)             0.00       2.35 r
  library setup time                                     -0.07       2.28
  data required time                                                 2.28
  --------------------------------------------------------------------------
  data required time                                                 2.28
  data arrival time                                                 -2.28
  --------------------------------------------------------------------------
  slack (MET)                                                        0.00


1
